<?xml version="1.0" encoding="UTF-8"?>
<!-- Generated by org.testng.reporters.JUnitReportReporter -->
<testsuite hostname="ATMECSINLT-038" failures="0" tests="5" name="com.atmecs.testScripts.InsightsValidation" time="22.779" errors="0" timestamp="27 Sep 2019 12:57:17 GMT" skipped="0">
  <testcase classname="com.atmecs.testScripts.InsightsValidation" name="anchorRedirection" time="11.909"/>
  <testcase classname="com.atmecs.testScripts.InsightsValidation" name="validateDate" time="0.411"/>
  <testcase classname="com.atmecs.testScripts.InsightsValidation" name="validateTitle" time="0.328"/>
  <testcase classname="com.atmecs.testScripts.InsightsValidation" name="validateBreadCrumb" time="0.688"/>
  <testcase classname="com.atmecs.testScripts.InsightsValidation" name="ValidateErrorMsg" time="9.443"/>
</testsuite> <!-- com.atmecs.testScripts.InsightsValidation -->
