<?xml version="1.0" encoding="UTF-8"?>
<!-- Generated by org.testng.reporters.JUnitReportReporter -->
<testsuite hostname="ATMECSINLT-038" failures="0" tests="30" name="com.atmecs.dataProvider.TestDataProvider" time="0.137" errors="0" timestamp="26 Sep 2019 10:08:05 GMT" skipped="0">
  <testcase classname="com.atmecs.dataProvider.TestDataProvider" name="validatefooter" time="0.001"/>
  <testcase classname="com.atmecs.dataProvider.TestDataProvider" name="validatefooter" time="0.005"/>
  <testcase classname="com.atmecs.dataProvider.TestDataProvider" name="validatefooter" time="0.002"/>
  <testcase classname="com.atmecs.dataProvider.TestDataProvider" name="validatefooter" time="0.002"/>
  <testcase classname="com.atmecs.dataProvider.TestDataProvider" name="validatefooter" time="0.007"/>
  <testcase classname="com.atmecs.dataProvider.TestDataProvider" name="validatefooter" time="0.005"/>
  <testcase classname="com.atmecs.dataProvider.TestDataProvider" name="validatefooter" time="0.004"/>
  <testcase classname="com.atmecs.dataProvider.TestDataProvider" name="validatefooter" time="0.003"/>
  <testcase classname="com.atmecs.dataProvider.TestDataProvider" name="validatefooter" time="0.010"/>
  <testcase classname="com.atmecs.dataProvider.TestDataProvider" name="validatefooter" time="0.011"/>
  <testcase classname="com.atmecs.dataProvider.TestDataProvider" name="validatefooter" time="0.005"/>
  <testcase classname="com.atmecs.dataProvider.TestDataProvider" name="validatefooter" time="0.001"/>
  <testcase classname="com.atmecs.dataProvider.TestDataProvider" name="validatefooter" time="0.003"/>
  <testcase classname="com.atmecs.dataProvider.TestDataProvider" name="validatefooter" time="0.005"/>
  <testcase classname="com.atmecs.dataProvider.TestDataProvider" name="validatefooter" time="0.004"/>
  <testcase classname="com.atmecs.dataProvider.TestDataProvider" name="validatefooter" time="0.004"/>
  <testcase classname="com.atmecs.dataProvider.TestDataProvider" name="validatefooter" time="0.004"/>
  <testcase classname="com.atmecs.dataProvider.TestDataProvider" name="validatefooter" time="0.013"/>
  <testcase classname="com.atmecs.dataProvider.TestDataProvider" name="validatefooter" time="0.002"/>
  <testcase classname="com.atmecs.dataProvider.TestDataProvider" name="validatefooter" time="0.005"/>
  <testcase classname="com.atmecs.dataProvider.TestDataProvider" name="validatefooter" time="0.008"/>
  <testcase classname="com.atmecs.dataProvider.TestDataProvider" name="validatefooter" time="0.002"/>
  <testcase classname="com.atmecs.dataProvider.TestDataProvider" name="validatefooter" time="0.011"/>
  <testcase classname="com.atmecs.dataProvider.TestDataProvider" name="validatefooter" time="0.005"/>
  <testcase classname="com.atmecs.dataProvider.TestDataProvider" name="validatefooter" time="0.003"/>
  <testcase classname="com.atmecs.dataProvider.TestDataProvider" name="validatefooter" time="0.003"/>
  <testcase classname="com.atmecs.dataProvider.TestDataProvider" name="validatefooter" time="0.002"/>
  <testcase classname="com.atmecs.dataProvider.TestDataProvider" name="validatefooter" time="0.002"/>
  <testcase classname="com.atmecs.dataProvider.TestDataProvider" name="validatefooter" time="0.003"/>
  <testcase classname="com.atmecs.dataProvider.TestDataProvider" name="validatefooter" time="0.002"/>
</testsuite> <!-- com.atmecs.dataProvider.TestDataProvider -->
