<?xml version="1.0" encoding="UTF-8"?>
<!-- Generated by org.testng.reporters.JUnitReportReporter -->
<testsuite hostname="ATMECSINLT-038" failures="0" tests="114" name="com.atmecs.testScripts.HomePagetestscripts" time="0.999" errors="1" timestamp="27 Sep 2019 12:13:26 GMT" skipped="113">
  <testcase classname="com.atmecs.testScripts.HomePagetestscripts" name="intitailizeBrowser" time="0.999">
    <error message="Error forwarding the new session cannot find : Capabilities {browserName: IE, platform: WIN10}
Command duration or timeout: 276 milliseconds" type="org.openqa.selenium.WebDriverException">
      <![CDATA[org.openqa.selenium.WebDriverException: Error forwarding the new session cannot find : Capabilities {browserName: IE, platform: WIN10}
Command duration or timeout: 276 milliseconds
at java.base/jdk.internal.reflect.NativeConstructorAccessorImpl.newInstance0(Native Method)
at java.base/jdk.internal.reflect.NativeConstructorAccessorImpl.newInstance(NativeConstructorAccessorImpl.java:62)
at java.base/jdk.internal.reflect.DelegatingConstructorAccessorImpl.newInstance(DelegatingConstructorAccessorImpl.java:45)
at java.base/java.lang.reflect.Constructor.newInstanceWithCaller(Constructor.java:500)
at java.base/java.lang.reflect.Constructor.newInstance(Constructor.java:481)
at org.openqa.selenium.remote.ErrorHandler.createThrowable(ErrorHandler.java:214)
at org.openqa.selenium.remote.ErrorHandler.throwIfResponseFailed(ErrorHandler.java:166)
at org.openqa.selenium.remote.JsonWireProtocolResponse.lambda$errorHandler$0(JsonWireProtocolResponse.java:54)
at org.openqa.selenium.remote.HandshakeResponse.lambda$getResponseFunction$0(HandshakeResponse.java:30)
at org.openqa.selenium.remote.ProtocolHandshake.lambda$createSession$0(ProtocolHandshake.java:126)
at java.base/java.util.stream.ReferencePipeline$3$1.accept(ReferencePipeline.java:195)
at java.base/java.util.Spliterators$ArraySpliterator.tryAdvance(Spliterators.java:958)
at java.base/java.util.stream.ReferencePipeline.forEachWithCancel(ReferencePipeline.java:127)
at java.base/java.util.stream.AbstractPipeline.copyIntoWithCancel(AbstractPipeline.java:502)
at java.base/java.util.stream.AbstractPipeline.copyInto(AbstractPipeline.java:488)
at java.base/java.util.stream.AbstractPipeline.wrapAndCopyInto(AbstractPipeline.java:474)
at java.base/java.util.stream.FindOps$FindOp.evaluateSequential(FindOps.java:150)
at java.base/java.util.stream.AbstractPipeline.evaluate(AbstractPipeline.java:234)
at java.base/java.util.stream.ReferencePipeline.findFirst(ReferencePipeline.java:543)
at org.openqa.selenium.remote.ProtocolHandshake.createSession(ProtocolHandshake.java:128)
at org.openqa.selenium.remote.ProtocolHandshake.createSession(ProtocolHandshake.java:74)
at org.openqa.selenium.remote.HttpCommandExecutor.execute(HttpCommandExecutor.java:136)
at org.openqa.selenium.remote.RemoteWebDriver.execute(RemoteWebDriver.java:552)
at org.openqa.selenium.remote.RemoteWebDriver.startSession(RemoteWebDriver.java:213)
at org.openqa.selenium.remote.RemoteWebDriver.<init>(RemoteWebDriver.java:131)
at org.openqa.selenium.remote.RemoteWebDriver.<init>(RemoteWebDriver.java:144)
at com.atmecs.constants.GridConnection.getConnection(GridConnection.java:32)
at com.atmecs.testBase.TestBase.intitailizeBrowser(TestBase.java:77)
at java.base/jdk.internal.reflect.NativeMethodAccessorImpl.invoke0(Native Method)
at java.base/jdk.internal.reflect.NativeMethodAccessorImpl.invoke(NativeMethodAccessorImpl.java:62)
at java.base/jdk.internal.reflect.DelegatingMethodAccessorImpl.invoke(DelegatingMethodAccessorImpl.java:43)
at java.base/java.lang.reflect.Method.invoke(Method.java:567)
at org.testng.internal.MethodInvocationHelper.invokeMethod(MethodInvocationHelper.java:124)
at org.testng.internal.MethodInvocationHelper.invokeMethodConsideringTimeout(MethodInvocationHelper.java:59)
at org.testng.internal.Invoker.invokeConfigurationMethod(Invoker.java:458)
at org.testng.internal.Invoker.invokeConfigurations(Invoker.java:222)
at org.testng.internal.Invoker.invokeConfigurations(Invoker.java:142)
at org.testng.TestRunner.beforeRun(TestRunner.java:529)
at org.testng.TestRunner.run(TestRunner.java:497)
at org.testng.SuiteRunner.runTest(SuiteRunner.java:455)
at org.testng.SuiteRunner.runSequentially(SuiteRunner.java:450)
at org.testng.SuiteRunner.privateRun(SuiteRunner.java:415)
at org.testng.SuiteRunner.run(SuiteRunner.java:364)
at org.testng.SuiteRunnerWorker.runSuite(SuiteRunnerWorker.java:52)
at org.testng.SuiteRunnerWorker.run(SuiteRunnerWorker.java:84)
at org.testng.TestNG.runSuitesSequentially(TestNG.java:1208)
at org.testng.TestNG.runSuitesLocally(TestNG.java:1137)
at org.testng.TestNG.runSuites(TestNG.java:1049)
at org.testng.TestNG.run(TestNG.java:1017)
at org.testng.remote.AbstractRemoteTestNG.run(AbstractRemoteTestNG.java:115)
at org.testng.remote.RemoteTestNG.initAndRun(RemoteTestNG.java:251)
at org.testng.remote.RemoteTestNG.main(RemoteTestNG.java:77)
Caused by: org.openqa.selenium.WebDriverException: Error forwarding the new session cannot find : Capabilities {browserName: IE, platform: WIN10}
Build info: version: '3.141.59', revision: 'e82be7d358', time: '2018-11-14T08:17:03'
System info: host: 'ATMECSINLT-038', ip: '55.55.52.193', os.name: 'Windows 10', os.arch: 'amd64', os.version: '10.0', java.version: '12.0.1'
Driver info: driver.version: unknown
at org.openqa.grid.web.servlet.handler.RequestHandler.process(RequestHandler.java:118)
at org.openqa.grid.web.servlet.DriverServlet.process(DriverServlet.java:85)
at org.openqa.grid.web.servlet.DriverServlet.doPost(DriverServlet.java:69)
at javax.servlet.http.HttpServlet.service(HttpServlet.java:707)
at javax.servlet.http.HttpServlet.service(HttpServlet.java:790)
at org.seleniumhq.jetty9.servlet.ServletHolder.handle(ServletHolder.java:865)
at org.seleniumhq.jetty9.servlet.ServletHandler.doHandle(ServletHandler.java:535)
at org.seleniumhq.jetty9.server.handler.ScopedHandler.handle(ScopedHandler.java:146)
at org.seleniumhq.jetty9.security.SecurityHandler.handle(SecurityHandler.java:548)
at org.seleniumhq.jetty9.server.handler.HandlerWrapper.handle(HandlerWrapper.java:132)
at org.seleniumhq.jetty9.server.handler.ScopedHandler.nextHandle(ScopedHandler.java:257)
at org.seleniumhq.jetty9.server.session.SessionHandler.doHandle(SessionHandler.java:1595)
at org.seleniumhq.jetty9.server.handler.ScopedHandler.nextHandle(ScopedHandler.java:255)
at org.seleniumhq.jetty9.server.handler.ContextHandler.doHandle(ContextHandler.java:1340)
at org.seleniumhq.jetty9.server.handler.ScopedHandler.nextScope(ScopedHandler.java:203)
at org.seleniumhq.jetty9.servlet.ServletHandler.doScope(ServletHandler.java:473)
at org.seleniumhq.jetty9.server.session.SessionHandler.doScope(SessionHandler.java:1564)
at org.seleniumhq.jetty9.server.handler.ScopedHandler.nextScope(ScopedHandler.java:201)
at org.seleniumhq.jetty9.server.handler.ContextHandler.doScope(ContextHandler.java:1242)
at org.seleniumhq.jetty9.server.handler.ScopedHandler.handle(ScopedHandler.java:144)
at org.seleniumhq.jetty9.server.handler.HandlerWrapper.handle(HandlerWrapper.java:132)
at org.seleniumhq.jetty9.server.Server.handle(Server.java:503)
at org.seleniumhq.jetty9.server.HttpChannel.handle(HttpChannel.java:364)
at org.seleniumhq.jetty9.server.HttpConnection.onFillable(HttpConnection.java:260)
at org.seleniumhq.jetty9.io.AbstractConnection$ReadCallback.succeeded(AbstractConnection.java:305)
at org.seleniumhq.jetty9.io.FillInterest.fillable(FillInterest.java:103)
at org.seleniumhq.jetty9.io.ChannelEndPoint$2.run(ChannelEndPoint.java:118)
at org.seleniumhq.jetty9.util.thread.strategy.EatWhatYouKill.runTask(EatWhatYouKill.java:333)
at org.seleniumhq.jetty9.util.thread.strategy.EatWhatYouKill.doProduce(EatWhatYouKill.java:310)
at org.seleniumhq.jetty9.util.thread.strategy.EatWhatYouKill.tryProduce(EatWhatYouKill.java:168)
at org.seleniumhq.jetty9.util.thread.strategy.EatWhatYouKill.run(EatWhatYouKill.java:126)
at org.seleniumhq.jetty9.util.thread.ReservedThreadExecutor$ReservedThread.run(ReservedThreadExecutor.java:366)
at org.seleniumhq.jetty9.util.thread.QueuedThreadPool.runJob(QueuedThreadPool.java:765)
at org.seleniumhq.jetty9.util.thread.QueuedThreadPool$2.run(QueuedThreadPool.java:683)
at java.lang.Thread.run(Thread.java:835)
]]>
    </error>
  </testcase> <!-- intitailizeBrowser -->
  <testcase classname="com.atmecs.testScripts.HomePagetestscripts" name="homePageRedirection" time="0.000">
    <skipped/>
  </testcase> <!-- homePageRedirection -->
  <testcase classname="com.atmecs.testScripts.HomePagetestscripts" name="clickHeaderServices" time="0.000">
    <skipped/>
  </testcase> <!-- clickHeaderServices -->
  <testcase classname="com.atmecs.testScripts.HomePagetestscripts" name="validatefooterForServices" time="0.000">
    <skipped/>
  </testcase> <!-- validatefooterForServices -->
  <testcase classname="com.atmecs.testScripts.HomePagetestscripts" name="validatefooterForServices" time="0.000">
    <skipped/>
  </testcase> <!-- validatefooterForServices -->
  <testcase classname="com.atmecs.testScripts.HomePagetestscripts" name="validatefooterForServices" time="0.000">
    <skipped/>
  </testcase> <!-- validatefooterForServices -->
  <testcase classname="com.atmecs.testScripts.HomePagetestscripts" name="validatefooterForServices" time="0.000">
    <skipped/>
  </testcase> <!-- validatefooterForServices -->
  <testcase classname="com.atmecs.testScripts.HomePagetestscripts" name="validatefooterForServices" time="0.000">
    <skipped/>
  </testcase> <!-- validatefooterForServices -->
  <testcase classname="com.atmecs.testScripts.HomePagetestscripts" name="validatefooterForServices" time="0.000">
    <skipped/>
  </testcase> <!-- validatefooterForServices -->
  <testcase classname="com.atmecs.testScripts.HomePagetestscripts" name="validatefooterForServices" time="0.000">
    <skipped/>
  </testcase> <!-- validatefooterForServices -->
  <testcase classname="com.atmecs.testScripts.HomePagetestscripts" name="validatefooterForServices" time="0.000">
    <skipped/>
  </testcase> <!-- validatefooterForServices -->
  <testcase classname="com.atmecs.testScripts.HomePagetestscripts" name="validatefooterForServices" time="0.000">
    <skipped/>
  </testcase> <!-- validatefooterForServices -->
  <testcase classname="com.atmecs.testScripts.HomePagetestscripts" name="validatefooterForServices" time="0.000">
    <skipped/>
  </testcase> <!-- validatefooterForServices -->
  <testcase classname="com.atmecs.testScripts.HomePagetestscripts" name="validatefooterForServices" time="0.000">
    <skipped/>
  </testcase> <!-- validatefooterForServices -->
  <testcase classname="com.atmecs.testScripts.HomePagetestscripts" name="validatefooterForServices" time="0.000">
    <skipped/>
  </testcase> <!-- validatefooterForServices -->
  <testcase classname="com.atmecs.testScripts.HomePagetestscripts" name="validatefooterForServices" time="0.000">
    <skipped/>
  </testcase> <!-- validatefooterForServices -->
  <testcase classname="com.atmecs.testScripts.HomePagetestscripts" name="validatefooterForServices" time="0.000">
    <skipped/>
  </testcase> <!-- validatefooterForServices -->
  <testcase classname="com.atmecs.testScripts.HomePagetestscripts" name="validatefooterForServices" time="0.000">
    <skipped/>
  </testcase> <!-- validatefooterForServices -->
  <testcase classname="com.atmecs.testScripts.HomePagetestscripts" name="clickHeaderCareers" time="0.000">
    <skipped/>
  </testcase> <!-- clickHeaderCareers -->
  <testcase classname="com.atmecs.testScripts.HomePagetestscripts" name="validatefooterForCareers" time="0.000">
    <skipped/>
  </testcase> <!-- validatefooterForCareers -->
  <testcase classname="com.atmecs.testScripts.HomePagetestscripts" name="validatefooterForCareers" time="0.000">
    <skipped/>
  </testcase> <!-- validatefooterForCareers -->
  <testcase classname="com.atmecs.testScripts.HomePagetestscripts" name="validatefooterForCareers" time="0.000">
    <skipped/>
  </testcase> <!-- validatefooterForCareers -->
  <testcase classname="com.atmecs.testScripts.HomePagetestscripts" name="validatefooterForCareers" time="0.000">
    <skipped/>
  </testcase> <!-- validatefooterForCareers -->
  <testcase classname="com.atmecs.testScripts.HomePagetestscripts" name="validatefooterForCareers" time="0.000">
    <skipped/>
  </testcase> <!-- validatefooterForCareers -->
  <testcase classname="com.atmecs.testScripts.HomePagetestscripts" name="validatefooterForCareers" time="0.000">
    <skipped/>
  </testcase> <!-- validatefooterForCareers -->
  <testcase classname="com.atmecs.testScripts.HomePagetestscripts" name="validatefooterForCareers" time="0.000">
    <skipped/>
  </testcase> <!-- validatefooterForCareers -->
  <testcase classname="com.atmecs.testScripts.HomePagetestscripts" name="validatefooterForCareers" time="0.000">
    <skipped/>
  </testcase> <!-- validatefooterForCareers -->
  <testcase classname="com.atmecs.testScripts.HomePagetestscripts" name="validatefooterForCareers" time="0.000">
    <skipped/>
  </testcase> <!-- validatefooterForCareers -->
  <testcase classname="com.atmecs.testScripts.HomePagetestscripts" name="validatefooterForCareers" time="0.000">
    <skipped/>
  </testcase> <!-- validatefooterForCareers -->
  <testcase classname="com.atmecs.testScripts.HomePagetestscripts" name="validatefooterForCareers" time="0.000">
    <skipped/>
  </testcase> <!-- validatefooterForCareers -->
  <testcase classname="com.atmecs.testScripts.HomePagetestscripts" name="validatefooterForCareers" time="0.000">
    <skipped/>
  </testcase> <!-- validatefooterForCareers -->
  <testcase classname="com.atmecs.testScripts.HomePagetestscripts" name="validatefooterForCareers" time="0.000">
    <skipped/>
  </testcase> <!-- validatefooterForCareers -->
  <testcase classname="com.atmecs.testScripts.HomePagetestscripts" name="validatefooterForCareers" time="0.000">
    <skipped/>
  </testcase> <!-- validatefooterForCareers -->
  <testcase classname="com.atmecs.testScripts.HomePagetestscripts" name="validatefooterForCareers" time="0.000">
    <skipped/>
  </testcase> <!-- validatefooterForCareers -->
  <testcase classname="com.atmecs.testScripts.HomePagetestscripts" name="clickHeaderAboutUs" time="0.000">
    <skipped/>
  </testcase> <!-- clickHeaderAboutUs -->
  <testcase classname="com.atmecs.testScripts.HomePagetestscripts" name="validatefooterForAboutUs" time="0.000">
    <skipped/>
  </testcase> <!-- validatefooterForAboutUs -->
  <testcase classname="com.atmecs.testScripts.HomePagetestscripts" name="validatefooterForAboutUs" time="0.000">
    <skipped/>
  </testcase> <!-- validatefooterForAboutUs -->
  <testcase classname="com.atmecs.testScripts.HomePagetestscripts" name="validatefooterForAboutUs" time="0.000">
    <skipped/>
  </testcase> <!-- validatefooterForAboutUs -->
  <testcase classname="com.atmecs.testScripts.HomePagetestscripts" name="validatefooterForAboutUs" time="0.000">
    <skipped/>
  </testcase> <!-- validatefooterForAboutUs -->
  <testcase classname="com.atmecs.testScripts.HomePagetestscripts" name="validatefooterForAboutUs" time="0.000">
    <skipped/>
  </testcase> <!-- validatefooterForAboutUs -->
  <testcase classname="com.atmecs.testScripts.HomePagetestscripts" name="validatefooterForAboutUs" time="0.000">
    <skipped/>
  </testcase> <!-- validatefooterForAboutUs -->
  <testcase classname="com.atmecs.testScripts.HomePagetestscripts" name="validatefooterForAboutUs" time="0.000">
    <skipped/>
  </testcase> <!-- validatefooterForAboutUs -->
  <testcase classname="com.atmecs.testScripts.HomePagetestscripts" name="validatefooterForAboutUs" time="0.000">
    <skipped/>
  </testcase> <!-- validatefooterForAboutUs -->
  <testcase classname="com.atmecs.testScripts.HomePagetestscripts" name="validatefooterForAboutUs" time="0.000">
    <skipped/>
  </testcase> <!-- validatefooterForAboutUs -->
  <testcase classname="com.atmecs.testScripts.HomePagetestscripts" name="validatefooterForAboutUs" time="0.000">
    <skipped/>
  </testcase> <!-- validatefooterForAboutUs -->
  <testcase classname="com.atmecs.testScripts.HomePagetestscripts" name="validatefooterForAboutUs" time="0.000">
    <skipped/>
  </testcase> <!-- validatefooterForAboutUs -->
  <testcase classname="com.atmecs.testScripts.HomePagetestscripts" name="validatefooterForAboutUs" time="0.000">
    <skipped/>
  </testcase> <!-- validatefooterForAboutUs -->
  <testcase classname="com.atmecs.testScripts.HomePagetestscripts" name="validatefooterForAboutUs" time="0.000">
    <skipped/>
  </testcase> <!-- validatefooterForAboutUs -->
  <testcase classname="com.atmecs.testScripts.HomePagetestscripts" name="validatefooterForAboutUs" time="0.000">
    <skipped/>
  </testcase> <!-- validatefooterForAboutUs -->
  <testcase classname="com.atmecs.testScripts.HomePagetestscripts" name="validatefooterForAboutUs" time="0.000">
    <skipped/>
  </testcase> <!-- validatefooterForAboutUs -->
  <testcase classname="com.atmecs.testScripts.HomePagetestscripts" name="clickHeaderPartners" time="0.000">
    <skipped/>
  </testcase> <!-- clickHeaderPartners -->
  <testcase classname="com.atmecs.testScripts.HomePagetestscripts" name="validatefooterForPartner" time="0.000">
    <skipped/>
  </testcase> <!-- validatefooterForPartner -->
  <testcase classname="com.atmecs.testScripts.HomePagetestscripts" name="validatefooterForPartner" time="0.000">
    <skipped/>
  </testcase> <!-- validatefooterForPartner -->
  <testcase classname="com.atmecs.testScripts.HomePagetestscripts" name="validatefooterForPartner" time="0.000">
    <skipped/>
  </testcase> <!-- validatefooterForPartner -->
  <testcase classname="com.atmecs.testScripts.HomePagetestscripts" name="validatefooterForPartner" time="0.000">
    <skipped/>
  </testcase> <!-- validatefooterForPartner -->
  <testcase classname="com.atmecs.testScripts.HomePagetestscripts" name="validatefooterForPartner" time="0.000">
    <skipped/>
  </testcase> <!-- validatefooterForPartner -->
  <testcase classname="com.atmecs.testScripts.HomePagetestscripts" name="validatefooterForPartner" time="0.000">
    <skipped/>
  </testcase> <!-- validatefooterForPartner -->
  <testcase classname="com.atmecs.testScripts.HomePagetestscripts" name="validatefooterForPartner" time="0.000">
    <skipped/>
  </testcase> <!-- validatefooterForPartner -->
  <testcase classname="com.atmecs.testScripts.HomePagetestscripts" name="validatefooterForPartner" time="0.000">
    <skipped/>
  </testcase> <!-- validatefooterForPartner -->
  <testcase classname="com.atmecs.testScripts.HomePagetestscripts" name="validatefooterForPartner" time="0.000">
    <skipped/>
  </testcase> <!-- validatefooterForPartner -->
  <testcase classname="com.atmecs.testScripts.HomePagetestscripts" name="validatefooterForPartner" time="0.000">
    <skipped/>
  </testcase> <!-- validatefooterForPartner -->
  <testcase classname="com.atmecs.testScripts.HomePagetestscripts" name="validatefooterForPartner" time="0.000">
    <skipped/>
  </testcase> <!-- validatefooterForPartner -->
  <testcase classname="com.atmecs.testScripts.HomePagetestscripts" name="validatefooterForPartner" time="0.000">
    <skipped/>
  </testcase> <!-- validatefooterForPartner -->
  <testcase classname="com.atmecs.testScripts.HomePagetestscripts" name="validatefooterForPartner" time="0.000">
    <skipped/>
  </testcase> <!-- validatefooterForPartner -->
  <testcase classname="com.atmecs.testScripts.HomePagetestscripts" name="validatefooterForPartner" time="0.000">
    <skipped/>
  </testcase> <!-- validatefooterForPartner -->
  <testcase classname="com.atmecs.testScripts.HomePagetestscripts" name="validatefooterForPartner" time="0.000">
    <skipped/>
  </testcase> <!-- validatefooterForPartner -->
  <testcase classname="com.atmecs.testScripts.HomePagetestscripts" name="clickHeaderMedia" time="0.000">
    <skipped/>
  </testcase> <!-- clickHeaderMedia -->
  <testcase classname="com.atmecs.testScripts.HomePagetestscripts" name="validatefooterForMedia" time="0.000">
    <skipped/>
  </testcase> <!-- validatefooterForMedia -->
  <testcase classname="com.atmecs.testScripts.HomePagetestscripts" name="validatefooterForMedia" time="0.000">
    <skipped/>
  </testcase> <!-- validatefooterForMedia -->
  <testcase classname="com.atmecs.testScripts.HomePagetestscripts" name="validatefooterForMedia" time="0.000">
    <skipped/>
  </testcase> <!-- validatefooterForMedia -->
  <testcase classname="com.atmecs.testScripts.HomePagetestscripts" name="validatefooterForMedia" time="0.000">
    <skipped/>
  </testcase> <!-- validatefooterForMedia -->
  <testcase classname="com.atmecs.testScripts.HomePagetestscripts" name="validatefooterForMedia" time="0.000">
    <skipped/>
  </testcase> <!-- validatefooterForMedia -->
  <testcase classname="com.atmecs.testScripts.HomePagetestscripts" name="validatefooterForMedia" time="0.000">
    <skipped/>
  </testcase> <!-- validatefooterForMedia -->
  <testcase classname="com.atmecs.testScripts.HomePagetestscripts" name="validatefooterForMedia" time="0.000">
    <skipped/>
  </testcase> <!-- validatefooterForMedia -->
  <testcase classname="com.atmecs.testScripts.HomePagetestscripts" name="validatefooterForMedia" time="0.000">
    <skipped/>
  </testcase> <!-- validatefooterForMedia -->
  <testcase classname="com.atmecs.testScripts.HomePagetestscripts" name="validatefooterForMedia" time="0.000">
    <skipped/>
  </testcase> <!-- validatefooterForMedia -->
  <testcase classname="com.atmecs.testScripts.HomePagetestscripts" name="validatefooterForMedia" time="0.000">
    <skipped/>
  </testcase> <!-- validatefooterForMedia -->
  <testcase classname="com.atmecs.testScripts.HomePagetestscripts" name="validatefooterForMedia" time="0.000">
    <skipped/>
  </testcase> <!-- validatefooterForMedia -->
  <testcase classname="com.atmecs.testScripts.HomePagetestscripts" name="validatefooterForMedia" time="0.000">
    <skipped/>
  </testcase> <!-- validatefooterForMedia -->
  <testcase classname="com.atmecs.testScripts.HomePagetestscripts" name="validatefooterForMedia" time="0.000">
    <skipped/>
  </testcase> <!-- validatefooterForMedia -->
  <testcase classname="com.atmecs.testScripts.HomePagetestscripts" name="validatefooterForMedia" time="0.000">
    <skipped/>
  </testcase> <!-- validatefooterForMedia -->
  <testcase classname="com.atmecs.testScripts.HomePagetestscripts" name="validatefooterForMedia" time="0.000">
    <skipped/>
  </testcase> <!-- validatefooterForMedia -->
  <testcase classname="com.atmecs.testScripts.HomePagetestscripts" name="clickContactUs" time="0.000">
    <skipped/>
  </testcase> <!-- clickContactUs -->
  <testcase classname="com.atmecs.testScripts.HomePagetestscripts" name="validatefooterForContacts" time="0.000">
    <skipped/>
  </testcase> <!-- validatefooterForContacts -->
  <testcase classname="com.atmecs.testScripts.HomePagetestscripts" name="validatefooterForContacts" time="0.000">
    <skipped/>
  </testcase> <!-- validatefooterForContacts -->
  <testcase classname="com.atmecs.testScripts.HomePagetestscripts" name="validatefooterForContacts" time="0.000">
    <skipped/>
  </testcase> <!-- validatefooterForContacts -->
  <testcase classname="com.atmecs.testScripts.HomePagetestscripts" name="validatefooterForContacts" time="0.000">
    <skipped/>
  </testcase> <!-- validatefooterForContacts -->
  <testcase classname="com.atmecs.testScripts.HomePagetestscripts" name="validatefooterForContacts" time="0.000">
    <skipped/>
  </testcase> <!-- validatefooterForContacts -->
  <testcase classname="com.atmecs.testScripts.HomePagetestscripts" name="validatefooterForContacts" time="0.000">
    <skipped/>
  </testcase> <!-- validatefooterForContacts -->
  <testcase classname="com.atmecs.testScripts.HomePagetestscripts" name="validatefooterForContacts" time="0.000">
    <skipped/>
  </testcase> <!-- validatefooterForContacts -->
  <testcase classname="com.atmecs.testScripts.HomePagetestscripts" name="validatefooterForContacts" time="0.000">
    <skipped/>
  </testcase> <!-- validatefooterForContacts -->
  <testcase classname="com.atmecs.testScripts.HomePagetestscripts" name="validatefooterForContacts" time="0.000">
    <skipped/>
  </testcase> <!-- validatefooterForContacts -->
  <testcase classname="com.atmecs.testScripts.HomePagetestscripts" name="validatefooterForContacts" time="0.000">
    <skipped/>
  </testcase> <!-- validatefooterForContacts -->
  <testcase classname="com.atmecs.testScripts.HomePagetestscripts" name="validatefooterForContacts" time="0.000">
    <skipped/>
  </testcase> <!-- validatefooterForContacts -->
  <testcase classname="com.atmecs.testScripts.HomePagetestscripts" name="validatefooterForContacts" time="0.000">
    <skipped/>
  </testcase> <!-- validatefooterForContacts -->
  <testcase classname="com.atmecs.testScripts.HomePagetestscripts" name="validatefooterForContacts" time="0.000">
    <skipped/>
  </testcase> <!-- validatefooterForContacts -->
  <testcase classname="com.atmecs.testScripts.HomePagetestscripts" name="validatefooterForContacts" time="0.000">
    <skipped/>
  </testcase> <!-- validatefooterForContacts -->
  <testcase classname="com.atmecs.testScripts.HomePagetestscripts" name="validatefooterForContacts" time="0.000">
    <skipped/>
  </testcase> <!-- validatefooterForContacts -->
  <testcase classname="com.atmecs.testScripts.HomePagetestscripts" name="clickInsights" time="0.000">
    <skipped/>
  </testcase> <!-- clickInsights -->
  <testcase classname="com.atmecs.testScripts.HomePagetestscripts" name="validatefooterForInsights" time="0.000">
    <skipped/>
  </testcase> <!-- validatefooterForInsights -->
  <testcase classname="com.atmecs.testScripts.HomePagetestscripts" name="validatefooterForInsights" time="0.000">
    <skipped/>
  </testcase> <!-- validatefooterForInsights -->
  <testcase classname="com.atmecs.testScripts.HomePagetestscripts" name="validatefooterForInsights" time="0.000">
    <skipped/>
  </testcase> <!-- validatefooterForInsights -->
  <testcase classname="com.atmecs.testScripts.HomePagetestscripts" name="validatefooterForInsights" time="0.000">
    <skipped/>
  </testcase> <!-- validatefooterForInsights -->
  <testcase classname="com.atmecs.testScripts.HomePagetestscripts" name="validatefooterForInsights" time="0.000">
    <skipped/>
  </testcase> <!-- validatefooterForInsights -->
  <testcase classname="com.atmecs.testScripts.HomePagetestscripts" name="validatefooterForInsights" time="0.000">
    <skipped/>
  </testcase> <!-- validatefooterForInsights -->
  <testcase classname="com.atmecs.testScripts.HomePagetestscripts" name="validatefooterForInsights" time="0.000">
    <skipped/>
  </testcase> <!-- validatefooterForInsights -->
  <testcase classname="com.atmecs.testScripts.HomePagetestscripts" name="validatefooterForInsights" time="0.000">
    <skipped/>
  </testcase> <!-- validatefooterForInsights -->
  <testcase classname="com.atmecs.testScripts.HomePagetestscripts" name="validatefooterForInsights" time="0.000">
    <skipped/>
  </testcase> <!-- validatefooterForInsights -->
  <testcase classname="com.atmecs.testScripts.HomePagetestscripts" name="validatefooterForInsights" time="0.000">
    <skipped/>
  </testcase> <!-- validatefooterForInsights -->
  <testcase classname="com.atmecs.testScripts.HomePagetestscripts" name="validatefooterForInsights" time="0.000">
    <skipped/>
  </testcase> <!-- validatefooterForInsights -->
  <testcase classname="com.atmecs.testScripts.HomePagetestscripts" name="validatefooterForInsights" time="0.000">
    <skipped/>
  </testcase> <!-- validatefooterForInsights -->
  <testcase classname="com.atmecs.testScripts.HomePagetestscripts" name="validatefooterForInsights" time="0.000">
    <skipped/>
  </testcase> <!-- validatefooterForInsights -->
  <testcase classname="com.atmecs.testScripts.HomePagetestscripts" name="validatefooterForInsights" time="0.000">
    <skipped/>
  </testcase> <!-- validatefooterForInsights -->
  <testcase classname="com.atmecs.testScripts.HomePagetestscripts" name="validatefooterForInsights" time="0.000">
    <skipped/>
  </testcase> <!-- validatefooterForInsights -->
</testsuite> <!-- com.atmecs.testScripts.HomePagetestscripts -->
